<?xml version="1.0" encoding="UTF-8"?>
<!-- Generated by org.testng.reporters.JUnitXMLReporter -->
<testsuite ignored="0" hostname="DESKTOP-VC6KQ0R" failures="1" tests="3" name="Feature Test" time="20.875" errors="0" timestamp="2023-11-14T23:00:57 EST">
  <testcase classname="testcases.FindAdminUser" name="TC007_VerifyAdminIsInTheAdminTable" time="2.574"/>
  <testcase classname="testcases.MyInfoTest" name="TC006_VerifyTheMenuItemTextOnMyInfo" time="2.124">
    <failure type="java.lang.AssertionError" message="The following asserts failed:
	expected [Contact Details] but found [-Contact Details],
	expected [Immigration] but found [-Immigration],
	expected [Salary] but found [Salary--]">
      <![CDATA[java.lang.AssertionError: The following asserts failed:
expected [Contact Details] but found [-Contact Details],
expected [Immigration] but found [-Immigration],
expected [Salary] but found [Salary--]
at testcases.MyInfoTest.TC006_VerifyTheMenuItemTextOnMyInfo(MyInfoTest.java:76)
at java.base/java.util.ArrayList.forEach(ArrayList.java:1511)
... Removed 29 stack frames]]>
    </failure>
  </testcase> <!-- TC006_VerifyTheMenuItemTextOnMyInfo -->
  <testcase classname="testcases.MyInfoTest" name="TC005_VerifyTheMenuItemCountOnMyInfo" time="0.0">
    <skipped/>
  </testcase> <!-- TC005_VerifyTheMenuItemCountOnMyInfo -->
</testsuite> <!-- Feature Test -->
